Build started 5/6/2016 11:37:49 AM.
     1>Project "E:\School\OOP\DynClass\DynClass\DynClass.vcxproj" on node 2 (Build target(s)).
     1>ClCompile:
         D:\Program Files\Visual Studio\VC\bin\CL.exe /c /ZI /nologo /W3 /WX- /Od /Oy- /D WIN32 /D _DEBUG /D _CONSOLE /D _LIB /D _UNICODE /D UNICODE /Gm /EHsc /RTC1 /MDd /GS /fp:precise /Zc:wchar_t /Zc:forScope /Fo"Debug\\" /Fd"Debug\vc120.pdb" /Gd /TP /analyze- /errorReport:prompt Source.cpp
         Source.cpp
     1>e:\school\oop\dynclass\dynclass\source.cpp(58): error C2784: 'void Dyn_Class::add_func(std::string,retValue (__cdecl *)(void))' : could not deduce template argument for 'overloaded function type' from 'overloaded function type'
                 e:\school\oop\dynclass\dynclass\source.cpp(13) : see declaration of 'Dyn_Class::add_func'
                 e:\school\oop\dynclass\dynclass\source.cpp(13) : see declaration of 'Dyn_Class::add_func'
     1>Done Building Project "E:\School\OOP\DynClass\DynClass\DynClass.vcxproj" (Build target(s)) -- FAILED.

Build FAILED.

Time Elapsed 00:00:00.47
